{"name": "test_registration[firefox]", "status": "broken", "statusDetails": {"message": "selenium.common.exceptions.InvalidArgumentException: Message: unknown variant `class`, expected one of `css selector`, `link text`, `partial link text`, `tag name`, `xpath` at line 1 column 17", "trace": "browser_name = 'firefox'\n\n    @allure.feature('Registration')\n    @allure.story('User can register with valid details')\n    @pytest.mark.parametrize(\"browser_name\", [\"chrome\", \"firefox\"])\n    def test_registration(browser_name):\n        driver = DriverFactory.get_driver(browser_name)\n        driver.get(REGISTER_URL)\n    \n        try:\n            with allure.step('Filling out the registration form'):\n                logger.info('Filling out the registration form')\n                gender_radio = WebDriverWait(driver, 20).until(EC.presence_of_element_located(LoginPageLocators.GENDER_MALE if REGISTRATION_DATA['gender'] == 'male' else LoginPageLocators.GENDER_FEMALE))\n                gender_radio.click()\n    \n                fields = {\n                    LoginPageLocators.FIRST_NAME: REGISTRATION_DATA['first_name'],\n                    LoginPageLocators.LAST_NAME: REGISTRATION_DATA['last_name'],\n                    LoginPageLocators.EMAIL: REGISTRATION_DATA['email'],\n                    LoginPageLocators.PASSWORD: REGISTRATION_DATA['password'],\n                    LoginPageLocators.CONFIRM_PASSWORD: REGISTRATION_DATA['confirm_password'],\n                }\n    \n                for locator, value in fields.items():\n                    WebDriverWait(driver, 20).until(\n                        EC.presence_of_element_located(locator)\n                    ).send_keys(value)\n    \n            with allure.step('Submitting the registration form'):\n                logger.info('Submitting the registration form')\n                register_button = WebDriverWait(driver, 20).until(\n                    EC.presence_of_element_located(LoginPageLocators.REGISTER_BUTTON)\n                )\n                register_button.click()\n    \n            with allure.step('Verifying successful registration'):\n                logger.info('Verifying successful registration')\n>               result_page = WebDriverWait(driver, 20).until(\n                    EC.presence_of_element_located(LoginPageLocators.RESULT_PAGE)\n                )\n\ntests\\test_registration.py:49: \n_ _ _ _ _ _ _ _ _ _ _ _ _ _ _ _ _ _ _ _ _ _ _ _ _ _ _ _ _ _ _ _ _ _ _ _ _ _ _ _ _ _ _ _ _ _ _ _ _ _ _ _ _ _ _ _ _ _ _ _ _ _ _ _ _ _ _ _ _ _ _ _ _ _ _ _ _ _ _ _ _ _ _ _ _ _ _ _ _ _\nC:\\Users\\allah\\AppData\\Local\\Programs\\Python\\Python311\\Lib\\site-packages\\selenium\\webdriver\\support\\wait.py:96: in until\n    value = method(self._driver)\nC:\\Users\\allah\\AppData\\Local\\Programs\\Python\\Python311\\Lib\\site-packages\\selenium\\webdriver\\support\\expected_conditions.py:84: in _predicate\n    return driver.find_element(*locator)\nC:\\Users\\allah\\AppData\\Local\\Programs\\Python\\Python311\\Lib\\site-packages\\selenium\\webdriver\\remote\\webdriver.py:748: in find_element\n    return self.execute(Command.FIND_ELEMENT, {\"using\": by, \"value\": value})[\"value\"]\nC:\\Users\\allah\\AppData\\Local\\Programs\\Python\\Python311\\Lib\\site-packages\\selenium\\webdriver\\remote\\webdriver.py:354: in execute\n    self.error_handler.check_response(response)\n_ _ _ _ _ _ _ _ _ _ _ _ _ _ _ _ _ _ _ _ _ _ _ _ _ _ _ _ _ _ _ _ _ _ _ _ _ _ _ _ _ _ _ _ _ _ _ _ _ _ _ _ _ _ _ _ _ _ _ _ _ _ _ _ _ _ _ _ _ _ _ _ _ _ _ _ _ _ _ _ _ _ _ _ _ _ _ _ _ _\n\nself = <selenium.webdriver.remote.errorhandler.ErrorHandler object at 0x00000208BE0788D0>\nresponse = {'status': 400, 'value': '{\"value\":{\"error\":\"invalid argument\",\"message\":\"unknown variant `class`, expected one of `css selector`, `link text`, `partial link text`, `tag name`, `xpath` at line 1 column 17\",\"stacktrace\":\"\"}}'}\n\n    def check_response(self, response: Dict[str, Any]) -> None:\n        \"\"\"Checks that a JSON response from the WebDriver does not have an\n        error.\n    \n        :Args:\n         - response - The JSON response from the WebDriver server as a dictionary\n           object.\n    \n        :Raises: If the response contains an error message.\n        \"\"\"\n        status = response.get(\"status\", None)\n        if not status or status == ErrorCode.SUCCESS:\n            return\n        value = None\n        message = response.get(\"message\", \"\")\n        screen: str = response.get(\"screen\", \"\")\n        stacktrace = None\n        if isinstance(status, int):\n            value_json = response.get(\"value\", None)\n            if value_json and isinstance(value_json, str):\n                import json\n    \n                try:\n                    value = json.loads(value_json)\n                    if len(value) == 1:\n                        value = value[\"value\"]\n                    status = value.get(\"error\", None)\n                    if not status:\n                        status = value.get(\"status\", ErrorCode.UNKNOWN_ERROR)\n                        message = value.get(\"value\") or value.get(\"message\")\n                        if not isinstance(message, str):\n                            value = message\n                            message = message.get(\"message\")\n                    else:\n                        message = value.get(\"message\", None)\n                except ValueError:\n                    pass\n    \n        exception_class: Type[WebDriverException]\n        e = ErrorCode()\n        error_codes = [item for item in dir(e) if not item.startswith(\"__\")]\n        for error_code in error_codes:\n            error_info = getattr(ErrorCode, error_code)\n            if isinstance(error_info, list) and status in error_info:\n                exception_class = getattr(ExceptionMapping, error_code, WebDriverException)\n                break\n        else:\n            exception_class = WebDriverException\n    \n        if not value:\n            value = response[\"value\"]\n        if isinstance(value, str):\n            raise exception_class(value)\n        if message == \"\" and \"message\" in value:\n            message = value[\"message\"]\n    \n        screen = None  # type: ignore[assignment]\n        if \"screen\" in value:\n            screen = value[\"screen\"]\n    \n        stacktrace = None\n        st_value = value.get(\"stackTrace\") or value.get(\"stacktrace\")\n        if st_value:\n            if isinstance(st_value, str):\n                stacktrace = st_value.split(\"\\n\")\n            else:\n                stacktrace = []\n                try:\n                    for frame in st_value:\n                        line = frame.get(\"lineNumber\", \"\")\n                        file = frame.get(\"fileName\", \"<anonymous>\")\n                        if line:\n                            file = f\"{file}:{line}\"\n                        meth = frame.get(\"methodName\", \"<anonymous>\")\n                        if \"className\" in frame:\n                            meth = f\"{frame['className']}.{meth}\"\n                        msg = \"    at %s (%s)\"\n                        msg = msg % (meth, file)\n                        stacktrace.append(msg)\n                except TypeError:\n                    pass\n        if exception_class == UnexpectedAlertPresentException:\n            alert_text = None\n            if \"data\" in value:\n                alert_text = value[\"data\"].get(\"text\")\n            elif \"alert\" in value:\n                alert_text = value[\"alert\"].get(\"text\")\n            raise exception_class(message, screen, stacktrace, alert_text)  # type: ignore[call-arg]  # mypy is not smart enough here\n>       raise exception_class(message, screen, stacktrace)\nE       selenium.common.exceptions.InvalidArgumentException: Message: unknown variant `class`, expected one of `css selector`, `link text`, `partial link text`, `tag name`, `xpath` at line 1 column 17\n\nC:\\Users\\allah\\AppData\\Local\\Programs\\Python\\Python311\\Lib\\site-packages\\selenium\\webdriver\\remote\\errorhandler.py:229: InvalidArgumentException"}, "steps": [{"name": "Filling out the registration form", "status": "passed", "start": 1723661199633, "stop": 1723661200020}, {"name": "Submitting the registration form", "status": "passed", "start": 1723661200020, "stop": 1723661200559}, {"name": "Verifying successful registration", "status": "broken", "statusDetails": {"message": "selenium.common.exceptions.InvalidArgumentException: Message: unknown variant `class`, expected one of `css selector`, `link text`, `partial link text`, `tag name`, `xpath` at line 1 column 17\n\n", "trace": "  File \"D:\\home-task\\tests\\test_registration.py\", line 49, in test_registration\n    result_page = WebDriverWait(driver, 20).until(\n                  ^^^^^^^^^^^^^^^^^^^^^^^^^^^^^^^^\n  File \"C:\\Users\\allah\\AppData\\Local\\Programs\\Python\\Python311\\Lib\\site-packages\\selenium\\webdriver\\support\\wait.py\", line 96, in until\n    value = method(self._driver)\n            ^^^^^^^^^^^^^^^^^^^^\n  File \"C:\\Users\\allah\\AppData\\Local\\Programs\\Python\\Python311\\Lib\\site-packages\\selenium\\webdriver\\support\\expected_conditions.py\", line 84, in _predicate\n    return driver.find_element(*locator)\n           ^^^^^^^^^^^^^^^^^^^^^^^^^^^^^\n  File \"C:\\Users\\allah\\AppData\\Local\\Programs\\Python\\Python311\\Lib\\site-packages\\selenium\\webdriver\\remote\\webdriver.py\", line 748, in find_element\n    return self.execute(Command.FIND_ELEMENT, {\"using\": by, \"value\": value})[\"value\"]\n           ^^^^^^^^^^^^^^^^^^^^^^^^^^^^^^^^^^^^^^^^^^^^^^^^^^^^^^^^^^^^^^^^^\n  File \"C:\\Users\\allah\\AppData\\Local\\Programs\\Python\\Python311\\Lib\\site-packages\\selenium\\webdriver\\remote\\webdriver.py\", line 354, in execute\n    self.error_handler.check_response(response)\n  File \"C:\\Users\\allah\\AppData\\Local\\Programs\\Python\\Python311\\Lib\\site-packages\\selenium\\webdriver\\remote\\errorhandler.py\", line 229, in check_response\n    raise exception_class(message, screen, stacktrace)\n"}, "start": 1723661200559, "stop": 1723661200562}], "attachments": [{"name": "screenshot", "source": "9475c60e-511c-4378-befa-dcedf967c0e9-attachment.png", "type": "image/png"}, {"name": "log", "source": "cb82e4ec-92e1-4b78-a7ef-e6cadbc7bbf5-attachment.txt", "type": "text/plain"}], "parameters": [{"name": "browser_name", "value": "'firefox'"}], "start": 1723661190667, "stop": 1723661203762, "uuid": "73729932-044b-4883-b491-6af9f7e436c4", "historyId": "dcc3e78ff4c001f2a2268da5a2eada65", "testCaseId": "c205956376af689025d4869fba865b9d", "fullName": "tests.test_registration#test_registration", "labels": [{"name": "feature", "value": "Registration"}, {"name": "story", "value": "User can register with valid details"}, {"name": "parentSuite", "value": "tests"}, {"name": "suite", "value": "test_registration"}, {"name": "host", "value": "DESKTOP-5O9S9MI"}, {"name": "thread", "value": "4684-MainThread"}, {"name": "framework", "value": "pytest"}, {"name": "language", "value": "cpython3"}, {"name": "package", "value": "tests.test_registration"}]}