{"name": "test_registration[firefox]", "status": "broken", "statusDetails": {"message": "selenium.common.exceptions.TimeoutException: Message: \nStacktrace:\nRemoteError@chrome://remote/content/shared/RemoteError.sys.mjs:8:8\nWebDriverError@chrome://remote/content/shared/webdriver/Errors.sys.mjs:193:5\nNoSuchElementError@chrome://remote/content/shared/webdriver/Errors.sys.mjs:511:5\ndom.find/</<@chrome://remote/content/shared/DOM.sys.mjs:136:16", "trace": "browser_name = 'firefox'\n\n    @allure.feature('Registration')\n    @allure.story('User can register with valid details')\n    @pytest.mark.parametrize(\"browser_name\", [\"chrome\", \"firefox\"])\n    def test_registration(browser_name):\n        driver = DriverFactory.get_driver(browser_name)\n        driver.get(REGISTER_URL)\n    \n        try:\n            with allure.step('Filling out the registration form'):\n                logger.info('Filling out the registration form')\n    \n                driver.find_element(*LoginPageLocators.GENDER_MALE).click()\n                driver.find_element(*LoginPageLocators.FIRST_NAME).send_keys(\"John\")\n                driver.find_element(*LoginPageLocators.LAST_NAME).send_keys(\"Doe\")\n                driver.find_element(*LoginPageLocators.EMAIL).send_keys(\"john.doe@example.com\")\n                driver.find_element(*LoginPageLocators.PASSWORD).send_keys(\"SecurePassword123\")\n                driver.find_element(*LoginPageLocators.CONFIRM_PASSWORD).send_keys(\"SecurePassword123\")\n    \n            with allure.step('Submitting the registration form'):\n                logger.info('Submitting the registration form')\n                driver.find_element(*LoginPageLocators.REGISTER_BUTTON).click()\n    \n            with allure.step('Verifying successful registration'):\n                logger.info('Verifying successful registration')\n>               success_message = WebDriverWait(driver, 10).until(\n                    EC.visibility_of_element_located(LoginPageLocators.SUCCESS_MESSAGE)\n                )\n\ntests\\test_registration.py:40: \n_ _ _ _ _ _ _ _ _ _ _ _ _ _ _ _ _ _ _ _ _ _ _ _ _ _ _ _ _ _ _ _ _ _ _ _ _ _ _ _ _ _ _ _ _ _ _ _ _ _ _ _ _ _ _ _ _ _ _ _ _ _ _ _ _ _ _ _ _ _ _ _ _ _ _ _ _ _ _ _ _ _ _ _ _ _ _ _ _ _\n\nself = <selenium.webdriver.support.wait.WebDriverWait (session=\"7d7961dc-fc39-4fb1-b908-c19d81d5b8f2\")>\nmethod = <function visibility_of_element_located.<locals>._predicate at 0x00000192123E9DA0>, message = ''\n\n    def until(self, method: Callable[[D], Union[Literal[False], T]], message: str = \"\") -> T:\n        \"\"\"Calls the method provided with the driver as an argument until the \\\n        return value does not evaluate to ``False``.\n    \n        :param method: callable(WebDriver)\n        :param message: optional message for :exc:`TimeoutException`\n        :returns: the result of the last call to `method`\n        :raises: :exc:`selenium.common.exceptions.TimeoutException` if timeout occurs\n        \"\"\"\n        screen = None\n        stacktrace = None\n    \n        end_time = time.monotonic() + self._timeout\n        while True:\n            try:\n                value = method(self._driver)\n                if value:\n                    return value\n            except self._ignored_exceptions as exc:\n                screen = getattr(exc, \"screen\", None)\n                stacktrace = getattr(exc, \"stacktrace\", None)\n            time.sleep(self._poll)\n            if time.monotonic() > end_time:\n                break\n>       raise TimeoutException(message, screen, stacktrace)\nE       selenium.common.exceptions.TimeoutException: Message: \nE       Stacktrace:\nE       RemoteError@chrome://remote/content/shared/RemoteError.sys.mjs:8:8\nE       WebDriverError@chrome://remote/content/shared/webdriver/Errors.sys.mjs:193:5\nE       NoSuchElementError@chrome://remote/content/shared/webdriver/Errors.sys.mjs:511:5\nE       dom.find/</<@chrome://remote/content/shared/DOM.sys.mjs:136:16\n\nC:\\Users\\allah\\AppData\\Local\\Programs\\Python\\Python311\\Lib\\site-packages\\selenium\\webdriver\\support\\wait.py:105: TimeoutException"}, "steps": [{"name": "Filling out the registration form", "status": "passed", "start": 1723650412119, "stop": 1723650412523}, {"name": "Submitting the registration form", "status": "passed", "start": 1723650412523, "stop": 1723650413074}, {"name": "Verifying successful registration", "status": "broken", "statusDetails": {"message": "selenium.common.exceptions.TimeoutException: Message: \nStacktrace:\nRemoteError@chrome://remote/content/shared/RemoteError.sys.mjs:8:8\nWebDriverError@chrome://remote/content/shared/webdriver/Errors.sys.mjs:193:5\nNoSuchElementError@chrome://remote/content/shared/webdriver/Errors.sys.mjs:511:5\ndom.find/</<@chrome://remote/content/shared/DOM.sys.mjs:136:16\n\n", "trace": "  File \"D:\\home-task\\tests\\test_registration.py\", line 40, in test_registration\n    success_message = WebDriverWait(driver, 10).until(\n                      ^^^^^^^^^^^^^^^^^^^^^^^^^^^^^^^^\n  File \"C:\\Users\\allah\\AppData\\Local\\Programs\\Python\\Python311\\Lib\\site-packages\\selenium\\webdriver\\support\\wait.py\", line 105, in until\n    raise TimeoutException(message, screen, stacktrace)\n"}, "start": 1723650413074, "stop": 1723650423589}], "attachments": [{"name": "screenshot", "source": "7ed5be27-3743-4b5d-abc4-18335558fa97-attachment.png", "type": "image/png"}, {"name": "log", "source": "872bede0-3361-4323-95d8-5592f7b84ee1-attachment.txt", "type": "text/plain"}], "parameters": [{"name": "browser_name", "value": "'firefox'"}], "start": 1723650402512, "stop": 1723650426615, "uuid": "b5a66576-e0f7-4123-85a7-60dc5ee124b9", "historyId": "dcc3e78ff4c001f2a2268da5a2eada65", "testCaseId": "c205956376af689025d4869fba865b9d", "fullName": "tests.test_registration#test_registration", "labels": [{"name": "feature", "value": "Registration"}, {"name": "story", "value": "User can register with valid details"}, {"name": "parentSuite", "value": "tests"}, {"name": "suite", "value": "test_registration"}, {"name": "host", "value": "DESKTOP-5O9S9MI"}, {"name": "thread", "value": "5512-MainThread"}, {"name": "framework", "value": "pytest"}, {"name": "language", "value": "cpython3"}, {"name": "package", "value": "tests.test_registration"}]}