{"name": "test_registration[chrome]", "status": "broken", "statusDetails": {"message": "selenium.common.exceptions.TimeoutException: Message: \nStacktrace:\n\tGetHandleVerifier [0x009B8923+23283]\n\t(No symbol) [0x0097E934]\n\t(No symbol) [0x008B0733]\n\t(No symbol) [0x008F326F]\n\t(No symbol) [0x008F34AB]\n\t(No symbol) [0x0092EE42]\n\t(No symbol) [0x00914464]\n\t(No symbol) [0x0092CB8D]\n\t(No symbol) [0x009141B6]\n\t(No symbol) [0x008E8017]\n\t(No symbol) [0x008E890D]\n\tGetHandleVerifier [0x00AAA5F3+1013699]\n\tGetHandleVerifier [0x00AB3E4C+1052700]\n\tGetHandleVerifier [0x00AAD4B4+1025668]\n\tGetHandleVerifier [0x009DEA2B+179195]\n\t(No symbol) [0x00986833]\n\t(No symbol) [0x00983198]\n\t(No symbol) [0x00983337]\n\t(No symbol) [0x0097B4BE]\n\tBaseThreadInitThunk [0x762D7BA9+25]\n\tRtlInitializeExceptionChain [0x772BC10B+107]\n\tRtlClearBits [0x772BC08F+191]", "trace": "browser_name = 'chrome'\n\n>   ???\n\ntests\\test_registration.py:49: \n_ _ _ _ _ _ _ _ _ _ _ _ _ _ _ _ _ _ _ _ _ _ _ _ _ _ _ _ _ _ _ _ _ _ _ _ _ _ _ _ _ _ _ _ _ _ _ _ _ _ _ _ _ _ _ _ _ _ _ _ _ _ _ _ _ _ _ _ _ _ _ _ _ _ _ _ _ _ _ _ _ _ _ _ _ _ _ _ _ _\n\nself = <selenium.webdriver.support.wait.WebDriverWait (session=\"d2591f1d58ba5a0b74a4f955e8ffc242\")>\nmethod = <function presence_of_element_located.<locals>._predicate at 0x000001E9CE2AF4C0>, message = ''\n\n    def until(self, method: Callable[[D], Union[Literal[False], T]], message: str = \"\") -> T:\n        \"\"\"Calls the method provided with the driver as an argument until the \\\n        return value does not evaluate to ``False``.\n    \n        :param method: callable(WebDriver)\n        :param message: optional message for :exc:`TimeoutException`\n        :returns: the result of the last call to `method`\n        :raises: :exc:`selenium.common.exceptions.TimeoutException` if timeout occurs\n        \"\"\"\n        screen = None\n        stacktrace = None\n    \n        end_time = time.monotonic() + self._timeout\n        while True:\n            try:\n                value = method(self._driver)\n                if value:\n                    return value\n            except self._ignored_exceptions as exc:\n                screen = getattr(exc, \"screen\", None)\n                stacktrace = getattr(exc, \"stacktrace\", None)\n            time.sleep(self._poll)\n            if time.monotonic() > end_time:\n                break\n>       raise TimeoutException(message, screen, stacktrace)\nE       selenium.common.exceptions.TimeoutException: Message: \nE       Stacktrace:\nE       \tGetHandleVerifier [0x009B8923+23283]\nE       \t(No symbol) [0x0097E934]\nE       \t(No symbol) [0x008B0733]\nE       \t(No symbol) [0x008F326F]\nE       \t(No symbol) [0x008F34AB]\nE       \t(No symbol) [0x0092EE42]\nE       \t(No symbol) [0x00914464]\nE       \t(No symbol) [0x0092CB8D]\nE       \t(No symbol) [0x009141B6]\nE       \t(No symbol) [0x008E8017]\nE       \t(No symbol) [0x008E890D]\nE       \tGetHandleVerifier [0x00AAA5F3+1013699]\nE       \tGetHandleVerifier [0x00AB3E4C+1052700]\nE       \tGetHandleVerifier [0x00AAD4B4+1025668]\nE       \tGetHandleVerifier [0x009DEA2B+179195]\nE       \t(No symbol) [0x00986833]\nE       \t(No symbol) [0x00983198]\nE       \t(No symbol) [0x00983337]\nE       \t(No symbol) [0x0097B4BE]\nE       \tBaseThreadInitThunk [0x762D7BA9+25]\nE       \tRtlInitializeExceptionChain [0x772BC10B+107]\nE       \tRtlClearBits [0x772BC08F+191]\n\nC:\\Users\\allah\\AppData\\Local\\Programs\\Python\\Python311\\Lib\\site-packages\\selenium\\webdriver\\support\\wait.py:105: TimeoutException"}, "steps": [{"name": "Filling out the registration form", "status": "passed", "start": 1723661869944, "stop": 1723661870286}, {"name": "Submitting the registration form", "status": "passed", "start": 1723661870286, "stop": 1723661871085}, {"name": "Verifying successful registration", "status": "broken", "statusDetails": {"message": "selenium.common.exceptions.TimeoutException: Message: \nStacktrace:\n\tGetHandleVerifier [0x009B8923+23283]\n\t(No symbol) [0x0097E934]\n\t(No symbol) [0x008B0733]\n\t(No symbol) [0x008F326F]\n\t(No symbol) [0x008F34AB]\n\t(No symbol) [0x0092EE42]\n\t(No symbol) [0x00914464]\n\t(No symbol) [0x0092CB8D]\n\t(No symbol) [0x009141B6]\n\t(No symbol) [0x008E8017]\n\t(No symbol) [0x008E890D]\n\tGetHandleVerifier [0x00AAA5F3+1013699]\n\tGetHandleVerifier [0x00AB3E4C+1052700]\n\tGetHandleVerifier [0x00AAD4B4+1025668]\n\tGetHandleVerifier [0x009DEA2B+179195]\n\t(No symbol) [0x00986833]\n\t(No symbol) [0x00983198]\n\t(No symbol) [0x00983337]\n\t(No symbol) [0x0097B4BE]\n\tBaseThreadInitThunk [0x762D7BA9+25]\n\tRtlInitializeExceptionChain [0x772BC10B+107]\n\tRtlClearBits [0x772BC08F+191]\n\n", "trace": "  File \"D:\\home-task\\tests\\test_registration.py\", line 49, in test_registration\n  File \"C:\\Users\\allah\\AppData\\Local\\Programs\\Python\\Python311\\Lib\\site-packages\\selenium\\webdriver\\support\\wait.py\", line 105, in until\n    raise TimeoutException(message, screen, stacktrace)\n"}, "start": 1723661871085, "stop": 1723661892161}], "attachments": [{"name": "screenshot", "source": "1d8f3204-4478-428d-a7ad-1dfe904406a1-attachment.png", "type": "image/png"}, {"name": "log", "source": "3fec6217-e9c6-497b-993e-3b3f72bbd034-attachment.txt", "type": "text/plain"}], "parameters": [{"name": "browser_name", "value": "'chrome'"}], "start": 1723661866566, "stop": 1723661894449, "uuid": "f0fc1598-7d18-4040-8c8c-ac870f14075b", "historyId": "c96390f24790f54aaf51169300bd6ca8", "testCaseId": "c205956376af689025d4869fba865b9d", "fullName": "tests.test_registration#test_registration", "labels": [{"name": "story", "value": "User can register with valid details"}, {"name": "feature", "value": "Registration"}, {"name": "parentSuite", "value": "tests"}, {"name": "suite", "value": "test_registration"}, {"name": "host", "value": "DESKTOP-5O9S9MI"}, {"name": "thread", "value": "6968-MainThread"}, {"name": "framework", "value": "pytest"}, {"name": "language", "value": "cpython3"}, {"name": "package", "value": "tests.test_registration"}]}