{"name": "test_registration[firefox]", "status": "broken", "statusDetails": {"message": "selenium.common.exceptions.TimeoutException: Message: \nStacktrace:\nRemoteError@chrome://remote/content/shared/RemoteError.sys.mjs:8:8\nWebDriverError@chrome://remote/content/shared/webdriver/Errors.sys.mjs:193:5\nNoSuchElementError@chrome://remote/content/shared/webdriver/Errors.sys.mjs:511:5\ndom.find/</<@chrome://remote/content/shared/DOM.sys.mjs:136:16", "trace": "browser_name = 'firefox'\n\n    @allure.feature('Registration')\n    @allure.story('User can register with valid details')\n    @pytest.mark.parametrize(\"browser_name\", [\"chrome\", \"firefox\"])\n    def test_registration(browser_name):\n        driver = DriverFactory.get_driver(browser_name)\n        driver.get(REGISTER_URL)\n    \n        try:\n            with allure.step('Filling out the registration form'):\n                logger.info('Filling out the registration form')\n                gender_radio = WebDriverWait(driver, 20).until(EC.presence_of_element_located(LoginPageLocators.GENDER_MALE if REGISTRATION_DATA['gender'] == 'male' else LoginPageLocators.GENDER_FEMALE))\n                gender_radio.click()\n    \n                fields = {\n                    LoginPageLocators.FIRST_NAME: REGISTRATION_DATA['first_name'],\n                    LoginPageLocators.LAST_NAME: REGISTRATION_DATA['last_name'],\n                    LoginPageLocators.EMAIL: REGISTRATION_DATA['email'],\n                    LoginPageLocators.PASSWORD: REGISTRATION_DATA['password'],\n                    LoginPageLocators.CONFIRM_PASSWORD: REGISTRATION_DATA['confirm_password'],\n                }\n    \n                for locator, value in fields.items():\n                    WebDriverWait(driver, 20).until(\n                        EC.presence_of_element_located(locator)\n                    ).send_keys(value)\n    \n            with allure.step('Submitting the registration form'):\n                logger.info('Submitting the registration form')\n                register_button = WebDriverWait(driver, 20).until(\n                    EC.presence_of_element_located(LoginPageLocators.REGISTER_BUTTON)\n                )\n                register_button.click()\n    \n            with allure.step('Verifying successful registration'):\n                logger.info('Verifying successful registration')\n>               result_page = WebDriverWait(driver, 20).until(\n                    EC.presence_of_element_located(LoginPageLocators.RESULT_PAGE)\n                )\n\ntests\\test_registration.py:49: \n_ _ _ _ _ _ _ _ _ _ _ _ _ _ _ _ _ _ _ _ _ _ _ _ _ _ _ _ _ _ _ _ _ _ _ _ _ _ _ _ _ _ _ _ _ _ _ _ _ _ _ _ _ _ _ _ _ _ _ _ _ _ _ _ _ _ _ _ _ _ _ _ _ _ _ _ _ _ _ _ _ _ _ _ _ _ _ _ _ _\n\nself = <selenium.webdriver.support.wait.WebDriverWait (session=\"ef80253b-e51a-4dd6-8bc4-e398d321ed01\")>\nmethod = <function presence_of_element_located.<locals>._predicate at 0x00000259081CA2A0>, message = ''\n\n    def until(self, method: Callable[[D], Union[Literal[False], T]], message: str = \"\") -> T:\n        \"\"\"Calls the method provided with the driver as an argument until the \\\n        return value does not evaluate to ``False``.\n    \n        :param method: callable(WebDriver)\n        :param message: optional message for :exc:`TimeoutException`\n        :returns: the result of the last call to `method`\n        :raises: :exc:`selenium.common.exceptions.TimeoutException` if timeout occurs\n        \"\"\"\n        screen = None\n        stacktrace = None\n    \n        end_time = time.monotonic() + self._timeout\n        while True:\n            try:\n                value = method(self._driver)\n                if value:\n                    return value\n            except self._ignored_exceptions as exc:\n                screen = getattr(exc, \"screen\", None)\n                stacktrace = getattr(exc, \"stacktrace\", None)\n            time.sleep(self._poll)\n            if time.monotonic() > end_time:\n                break\n>       raise TimeoutException(message, screen, stacktrace)\nE       selenium.common.exceptions.TimeoutException: Message: \nE       Stacktrace:\nE       RemoteError@chrome://remote/content/shared/RemoteError.sys.mjs:8:8\nE       WebDriverError@chrome://remote/content/shared/webdriver/Errors.sys.mjs:193:5\nE       NoSuchElementError@chrome://remote/content/shared/webdriver/Errors.sys.mjs:511:5\nE       dom.find/</<@chrome://remote/content/shared/DOM.sys.mjs:136:16\n\nC:\\Users\\allah\\AppData\\Local\\Programs\\Python\\Python311\\Lib\\site-packages\\selenium\\webdriver\\support\\wait.py:105: TimeoutException"}, "steps": [{"name": "Filling out the registration form", "status": "passed", "start": 1723661660035, "stop": 1723661660465}, {"name": "Submitting the registration form", "status": "passed", "start": 1723661660465, "stop": 1723661661035}, {"name": "Verifying successful registration", "status": "broken", "statusDetails": {"message": "selenium.common.exceptions.TimeoutException: Message: \nStacktrace:\nRemoteError@chrome://remote/content/shared/RemoteError.sys.mjs:8:8\nWebDriverError@chrome://remote/content/shared/webdriver/Errors.sys.mjs:193:5\nNoSuchElementError@chrome://remote/content/shared/webdriver/Errors.sys.mjs:511:5\ndom.find/</<@chrome://remote/content/shared/DOM.sys.mjs:136:16\n\n", "trace": "  File \"D:\\home-task\\tests\\test_registration.py\", line 49, in test_registration\n    result_page = WebDriverWait(driver, 20).until(\n                  ^^^^^^^^^^^^^^^^^^^^^^^^^^^^^^^^\n  File \"C:\\Users\\allah\\AppData\\Local\\Programs\\Python\\Python311\\Lib\\site-packages\\selenium\\webdriver\\support\\wait.py\", line 105, in until\n    raise TimeoutException(message, screen, stacktrace)\n"}, "start": 1723661661035, "stop": 1723661682075}], "attachments": [{"name": "screenshot", "source": "e6f66b6e-b4c0-423f-b3a2-d08c5352d089-attachment.png", "type": "image/png"}, {"name": "log", "source": "bff7fb23-ea38-4df6-b721-31d1b4a31b4d-attachment.txt", "type": "text/plain"}], "parameters": [{"name": "browser_name", "value": "'firefox'"}], "start": 1723661650983, "stop": 1723661685157, "uuid": "53febff2-3253-454d-b712-8df056dec695", "historyId": "dcc3e78ff4c001f2a2268da5a2eada65", "testCaseId": "c205956376af689025d4869fba865b9d", "fullName": "tests.test_registration#test_registration", "labels": [{"name": "story", "value": "User can register with valid details"}, {"name": "feature", "value": "Registration"}, {"name": "parentSuite", "value": "tests"}, {"name": "suite", "value": "test_registration"}, {"name": "host", "value": "DESKTOP-5O9S9MI"}, {"name": "thread", "value": "22392-MainThread"}, {"name": "framework", "value": "pytest"}, {"name": "language", "value": "cpython3"}, {"name": "package", "value": "tests.test_registration"}]}