{"name": "test_registration[chrome]", "status": "broken", "statusDetails": {"message": "selenium.common.exceptions.InvalidArgumentException: Message: invalid argument: invalid locator\n  (Session info: chrome=127.0.6533.100)\nStacktrace:\n\tGetHandleVerifier [0x009B8923+23283]\n\t(No symbol) [0x0097E934]\n\t(No symbol) [0x008B0733]\n\t(No symbol) [0x008F2C21]\n\t(No symbol) [0x008F34AB]\n\t(No symbol) [0x0092EE42]\n\t(No symbol) [0x00914464]\n\t(No symbol) [0x0092CB8D]\n\t(No symbol) [0x009141B6]\n\t(No symbol) [0x008E8017]\n\t(No symbol) [0x008E890D]\n\tGetHandleVerifier [0x00AAA5F3+1013699]\n\tGetHandleVerifier [0x00AB3E4C+1052700]\n\tGetHandleVerifier [0x00AAD4B4+1025668]\n\tGetHandleVerifier [0x009DEA2B+179195]\n\t(No symbol) [0x00986833]\n\t(No symbol) [0x00983198]\n\t(No symbol) [0x00983337]\n\t(No symbol) [0x0097B4BE]\n\tBaseThreadInitThunk [0x762D7BA9+25]\n\tRtlInitializeExceptionChain [0x772BC10B+107]\n\tRtlClearBits [0x772BC08F+191]", "trace": "browser_name = 'chrome'\n\n    @allure.feature('Registration')\n    @allure.story('User can register with valid details')\n    @pytest.mark.parametrize(\"browser_name\", [\"chrome\", \"firefox\"])\n    def test_registration(browser_name):\n        driver = DriverFactory.get_driver(browser_name)\n        driver.get(REGISTER_URL)\n    \n        try:\n            with allure.step('Filling out the registration form'):\n                logger.info('Filling out the registration form')\n                gender_radio = WebDriverWait(driver, 20).until(EC.presence_of_element_located(LoginPageLocators.GENDER_MALE if REGISTRATION_DATA['gender'] == 'male' else LoginPageLocators.GENDER_FEMALE))\n                gender_radio.click()\n    \n                fields = {\n                    LoginPageLocators.FIRST_NAME: REGISTRATION_DATA['first_name'],\n                    LoginPageLocators.LAST_NAME: REGISTRATION_DATA['last_name'],\n                    LoginPageLocators.EMAIL: REGISTRATION_DATA['email'],\n                    LoginPageLocators.PASSWORD: REGISTRATION_DATA['password'],\n                    LoginPageLocators.CONFIRM_PASSWORD: REGISTRATION_DATA['confirm_password'],\n                }\n    \n                for locator, value in fields.items():\n                    WebDriverWait(driver, 20).until(\n                        EC.presence_of_element_located(locator)\n                    ).send_keys(value)\n    \n            with allure.step('Submitting the registration form'):\n                logger.info('Submitting the registration form')\n                register_button = WebDriverWait(driver, 20).until(\n                    EC.presence_of_element_located(LoginPageLocators.REGISTER_BUTTON)\n                )\n                register_button.click()\n    \n            with allure.step('Verifying successful registration'):\n                logger.info('Verifying successful registration')\n>               result_page = WebDriverWait(driver, 20).until(\n                    EC.presence_of_element_located(LoginPageLocators.RESULT_PAGE)\n                )\n\ntests\\test_registration.py:49: \n_ _ _ _ _ _ _ _ _ _ _ _ _ _ _ _ _ _ _ _ _ _ _ _ _ _ _ _ _ _ _ _ _ _ _ _ _ _ _ _ _ _ _ _ _ _ _ _ _ _ _ _ _ _ _ _ _ _ _ _ _ _ _ _ _ _ _ _ _ _ _ _ _ _ _ _ _ _ _ _ _ _ _ _ _ _ _ _ _ _\nC:\\Users\\allah\\AppData\\Local\\Programs\\Python\\Python311\\Lib\\site-packages\\selenium\\webdriver\\support\\wait.py:96: in until\n    value = method(self._driver)\nC:\\Users\\allah\\AppData\\Local\\Programs\\Python\\Python311\\Lib\\site-packages\\selenium\\webdriver\\support\\expected_conditions.py:84: in _predicate\n    return driver.find_element(*locator)\nC:\\Users\\allah\\AppData\\Local\\Programs\\Python\\Python311\\Lib\\site-packages\\selenium\\webdriver\\remote\\webdriver.py:748: in find_element\n    return self.execute(Command.FIND_ELEMENT, {\"using\": by, \"value\": value})[\"value\"]\nC:\\Users\\allah\\AppData\\Local\\Programs\\Python\\Python311\\Lib\\site-packages\\selenium\\webdriver\\remote\\webdriver.py:354: in execute\n    self.error_handler.check_response(response)\n_ _ _ _ _ _ _ _ _ _ _ _ _ _ _ _ _ _ _ _ _ _ _ _ _ _ _ _ _ _ _ _ _ _ _ _ _ _ _ _ _ _ _ _ _ _ _ _ _ _ _ _ _ _ _ _ _ _ _ _ _ _ _ _ _ _ _ _ _ _ _ _ _ _ _ _ _ _ _ _ _ _ _ _ _ _ _ _ _ _\n\nself = <selenium.webdriver.remote.errorhandler.ErrorHandler object at 0x00000208BDC79C10>\nresponse = {'status': 400, 'value': '{\"value\":{\"error\":\"invalid argument\",\"message\":\"invalid argument: invalid locator\\\\n  (Sessi...dInitThunk [0x762D7BA9+25]\\\\n\\\\tRtlInitializeExceptionChain [0x772BC10B+107]\\\\n\\\\tRtlClearBits [0x772BC08F+191]\\\\n\"}}'}\n\n    def check_response(self, response: Dict[str, Any]) -> None:\n        \"\"\"Checks that a JSON response from the WebDriver does not have an\n        error.\n    \n        :Args:\n         - response - The JSON response from the WebDriver server as a dictionary\n           object.\n    \n        :Raises: If the response contains an error message.\n        \"\"\"\n        status = response.get(\"status\", None)\n        if not status or status == ErrorCode.SUCCESS:\n            return\n        value = None\n        message = response.get(\"message\", \"\")\n        screen: str = response.get(\"screen\", \"\")\n        stacktrace = None\n        if isinstance(status, int):\n            value_json = response.get(\"value\", None)\n            if value_json and isinstance(value_json, str):\n                import json\n    \n                try:\n                    value = json.loads(value_json)\n                    if len(value) == 1:\n                        value = value[\"value\"]\n                    status = value.get(\"error\", None)\n                    if not status:\n                        status = value.get(\"status\", ErrorCode.UNKNOWN_ERROR)\n                        message = value.get(\"value\") or value.get(\"message\")\n                        if not isinstance(message, str):\n                            value = message\n                            message = message.get(\"message\")\n                    else:\n                        message = value.get(\"message\", None)\n                except ValueError:\n                    pass\n    \n        exception_class: Type[WebDriverException]\n        e = ErrorCode()\n        error_codes = [item for item in dir(e) if not item.startswith(\"__\")]\n        for error_code in error_codes:\n            error_info = getattr(ErrorCode, error_code)\n            if isinstance(error_info, list) and status in error_info:\n                exception_class = getattr(ExceptionMapping, error_code, WebDriverException)\n                break\n        else:\n            exception_class = WebDriverException\n    \n        if not value:\n            value = response[\"value\"]\n        if isinstance(value, str):\n            raise exception_class(value)\n        if message == \"\" and \"message\" in value:\n            message = value[\"message\"]\n    \n        screen = None  # type: ignore[assignment]\n        if \"screen\" in value:\n            screen = value[\"screen\"]\n    \n        stacktrace = None\n        st_value = value.get(\"stackTrace\") or value.get(\"stacktrace\")\n        if st_value:\n            if isinstance(st_value, str):\n                stacktrace = st_value.split(\"\\n\")\n            else:\n                stacktrace = []\n                try:\n                    for frame in st_value:\n                        line = frame.get(\"lineNumber\", \"\")\n                        file = frame.get(\"fileName\", \"<anonymous>\")\n                        if line:\n                            file = f\"{file}:{line}\"\n                        meth = frame.get(\"methodName\", \"<anonymous>\")\n                        if \"className\" in frame:\n                            meth = f\"{frame['className']}.{meth}\"\n                        msg = \"    at %s (%s)\"\n                        msg = msg % (meth, file)\n                        stacktrace.append(msg)\n                except TypeError:\n                    pass\n        if exception_class == UnexpectedAlertPresentException:\n            alert_text = None\n            if \"data\" in value:\n                alert_text = value[\"data\"].get(\"text\")\n            elif \"alert\" in value:\n                alert_text = value[\"alert\"].get(\"text\")\n            raise exception_class(message, screen, stacktrace, alert_text)  # type: ignore[call-arg]  # mypy is not smart enough here\n>       raise exception_class(message, screen, stacktrace)\nE       selenium.common.exceptions.InvalidArgumentException: Message: invalid argument: invalid locator\nE         (Session info: chrome=127.0.6533.100)\nE       Stacktrace:\nE       \tGetHandleVerifier [0x009B8923+23283]\nE       \t(No symbol) [0x0097E934]\nE       \t(No symbol) [0x008B0733]\nE       \t(No symbol) [0x008F2C21]\nE       \t(No symbol) [0x008F34AB]\nE       \t(No symbol) [0x0092EE42]\nE       \t(No symbol) [0x00914464]\nE       \t(No symbol) [0x0092CB8D]\nE       \t(No symbol) [0x009141B6]\nE       \t(No symbol) [0x008E8017]\nE       \t(No symbol) [0x008E890D]\nE       \tGetHandleVerifier [0x00AAA5F3+1013699]\nE       \tGetHandleVerifier [0x00AB3E4C+1052700]\nE       \tGetHandleVerifier [0x00AAD4B4+1025668]\nE       \tGetHandleVerifier [0x009DEA2B+179195]\nE       \t(No symbol) [0x00986833]\nE       \t(No symbol) [0x00983198]\nE       \t(No symbol) [0x00983337]\nE       \t(No symbol) [0x0097B4BE]\nE       \tBaseThreadInitThunk [0x762D7BA9+25]\nE       \tRtlInitializeExceptionChain [0x772BC10B+107]\nE       \tRtlClearBits [0x772BC08F+191]\n\nC:\\Users\\allah\\AppData\\Local\\Programs\\Python\\Python311\\Lib\\site-packages\\selenium\\webdriver\\remote\\errorhandler.py:229: InvalidArgumentException"}, "steps": [{"name": "Filling out the registration form", "status": "passed", "start": 1723661187172, "stop": 1723661187640}, {"name": "Submitting the registration form", "status": "passed", "start": 1723661187640, "stop": 1723661188128}, {"name": "Verifying successful registration", "status": "broken", "statusDetails": {"message": "selenium.common.exceptions.InvalidArgumentException: Message: invalid argument: invalid locator\n  (Session info: chrome=127.0.6533.100)\nStacktrace:\n\tGetHandleVerifier [0x009B8923+23283]\n\t(No symbol) [0x0097E934]\n\t(No symbol) [0x008B0733]\n\t(No symbol) [0x008F2C21]\n\t(No symbol) [0x008F34AB]\n\t(No symbol) [0x0092EE42]\n\t(No symbol) [0x00914464]\n\t(No symbol) [0x0092CB8D]\n\t(No symbol) [0x009141B6]\n\t(No symbol) [0x008E8017]\n\t(No symbol) [0x008E890D]\n\tGetHandleVerifier [0x00AAA5F3+1013699]\n\tGetHandleVerifier [0x00AB3E4C+1052700]\n\tGetHandleVerifier [0x00AAD4B4+1025668]\n\tGetHandleVerifier [0x009DEA2B+179195]\n\t(No symbol) [0x00986833]\n\t(No symbol) [0x00983198]\n\t(No symbol) [0x00983337]\n\t(No symbol) [0x0097B4BE]\n\tBaseThreadInitThunk [0x762D7BA9+25]\n\tRtlInitializeExceptionChain [0x772BC10B+107]\n\tRtlClearBits [0x772BC08F+191]\n\n", "trace": "  File \"D:\\home-task\\tests\\test_registration.py\", line 49, in test_registration\n    result_page = WebDriverWait(driver, 20).until(\n                  ^^^^^^^^^^^^^^^^^^^^^^^^^^^^^^^^\n  File \"C:\\Users\\allah\\AppData\\Local\\Programs\\Python\\Python311\\Lib\\site-packages\\selenium\\webdriver\\support\\wait.py\", line 96, in until\n    value = method(self._driver)\n            ^^^^^^^^^^^^^^^^^^^^\n  File \"C:\\Users\\allah\\AppData\\Local\\Programs\\Python\\Python311\\Lib\\site-packages\\selenium\\webdriver\\support\\expected_conditions.py\", line 84, in _predicate\n    return driver.find_element(*locator)\n           ^^^^^^^^^^^^^^^^^^^^^^^^^^^^^\n  File \"C:\\Users\\allah\\AppData\\Local\\Programs\\Python\\Python311\\Lib\\site-packages\\selenium\\webdriver\\remote\\webdriver.py\", line 748, in find_element\n    return self.execute(Command.FIND_ELEMENT, {\"using\": by, \"value\": value})[\"value\"]\n           ^^^^^^^^^^^^^^^^^^^^^^^^^^^^^^^^^^^^^^^^^^^^^^^^^^^^^^^^^^^^^^^^^\n  File \"C:\\Users\\allah\\AppData\\Local\\Programs\\Python\\Python311\\Lib\\site-packages\\selenium\\webdriver\\remote\\webdriver.py\", line 354, in execute\n    self.error_handler.check_response(response)\n  File \"C:\\Users\\allah\\AppData\\Local\\Programs\\Python\\Python311\\Lib\\site-packages\\selenium\\webdriver\\remote\\errorhandler.py\", line 229, in check_response\n    raise exception_class(message, screen, stacktrace)\n"}, "start": 1723661188129, "stop": 1723661188206}], "attachments": [{"name": "screenshot", "source": "9ca059fe-b6d8-47d7-958f-599991ccce7f-attachment.png", "type": "image/png"}, {"name": "log", "source": "33361cc0-df22-4e72-a45c-980148901c3c-attachment.txt", "type": "text/plain"}], "parameters": [{"name": "browser_name", "value": "'chrome'"}], "start": 1723661183864, "stop": 1723661190472, "uuid": "884282d7-d75a-42a9-b630-289b9912d6c0", "historyId": "c96390f24790f54aaf51169300bd6ca8", "testCaseId": "c205956376af689025d4869fba865b9d", "fullName": "tests.test_registration#test_registration", "labels": [{"name": "feature", "value": "Registration"}, {"name": "story", "value": "User can register with valid details"}, {"name": "parentSuite", "value": "tests"}, {"name": "suite", "value": "test_registration"}, {"name": "host", "value": "DESKTOP-5O9S9MI"}, {"name": "thread", "value": "4684-MainThread"}, {"name": "framework", "value": "pytest"}, {"name": "language", "value": "cpython3"}, {"name": "package", "value": "tests.test_registration"}]}