{"name": "test_registration[chrome]", "status": "broken", "statusDetails": {"message": "selenium.common.exceptions.TimeoutException: Message: \nStacktrace:\n\tGetHandleVerifier [0x009B8923+23283]\n\t(No symbol) [0x0097E934]\n\t(No symbol) [0x008B0733]\n\t(No symbol) [0x008F326F]\n\t(No symbol) [0x008F34AB]\n\t(No symbol) [0x0092EE42]\n\t(No symbol) [0x00914464]\n\t(No symbol) [0x0092CB8D]\n\t(No symbol) [0x009141B6]\n\t(No symbol) [0x008E8017]\n\t(No symbol) [0x008E890D]\n\tGetHandleVerifier [0x00AAA5F3+1013699]\n\tGetHandleVerifier [0x00AB3E4C+1052700]\n\tGetHandleVerifier [0x00AAD4B4+1025668]\n\tGetHandleVerifier [0x009DEA2B+179195]\n\t(No symbol) [0x00986833]\n\t(No symbol) [0x00983198]\n\t(No symbol) [0x00983337]\n\t(No symbol) [0x0097B4BE]\n\tBaseThreadInitThunk [0x762D7BA9+25]\n\tRtlInitializeExceptionChain [0x772BC10B+107]\n\tRtlClearBits [0x772BC08F+191]", "trace": "browser_name = 'chrome'\n\n    @allure.feature('Registration')\n    @allure.story('User can register with valid details')\n    @pytest.mark.parametrize(\"browser_name\", [\"chrome\", \"firefox\"])\n    def test_registration(browser_name):\n        driver = DriverFactory.get_driver(browser_name)\n        driver.get(REGISTER_URL)\n    \n        try:\n            with allure.step('Filling out the registration form'):\n                logger.info('Filling out the registration form')\n    \n                driver.find_element(*LoginPageLocators.GENDER_MALE).click()\n                driver.find_element(*LoginPageLocators.FIRST_NAME).send_keys(\"John\")\n                driver.find_element(*LoginPageLocators.LAST_NAME).send_keys(\"Doe\")\n                driver.find_element(*LoginPageLocators.EMAIL).send_keys(\"john.doe@example.com\")\n                driver.find_element(*LoginPageLocators.PASSWORD).send_keys(\"SecurePassword123\")\n                driver.find_element(*LoginPageLocators.CONFIRM_PASSWORD).send_keys(\"SecurePassword123\")\n    \n            with allure.step('Submitting the registration form'):\n                logger.info('Submitting the registration form')\n                driver.find_element(*LoginPageLocators.REGISTER_BUTTON).click()\n    \n            with allure.step('Verifying successful registration'):\n                logger.info('Verifying successful registration')\n>               success_message = WebDriverWait(driver, 10).until(\n                    EC.visibility_of_element_located(LoginPageLocators.SUCCESS_MESSAGE)\n                )\n\ntests\\test_registration.py:40: \n_ _ _ _ _ _ _ _ _ _ _ _ _ _ _ _ _ _ _ _ _ _ _ _ _ _ _ _ _ _ _ _ _ _ _ _ _ _ _ _ _ _ _ _ _ _ _ _ _ _ _ _ _ _ _ _ _ _ _ _ _ _ _ _ _ _ _ _ _ _ _ _ _ _ _ _ _ _ _ _ _ _ _ _ _ _ _ _ _ _\n\nself = <selenium.webdriver.support.wait.WebDriverWait (session=\"b34ef3047e468c52e074d748d6afc79a\")>\nmethod = <function visibility_of_element_located.<locals>._predicate at 0x000001921236F100>, message = ''\n\n    def until(self, method: Callable[[D], Union[Literal[False], T]], message: str = \"\") -> T:\n        \"\"\"Calls the method provided with the driver as an argument until the \\\n        return value does not evaluate to ``False``.\n    \n        :param method: callable(WebDriver)\n        :param message: optional message for :exc:`TimeoutException`\n        :returns: the result of the last call to `method`\n        :raises: :exc:`selenium.common.exceptions.TimeoutException` if timeout occurs\n        \"\"\"\n        screen = None\n        stacktrace = None\n    \n        end_time = time.monotonic() + self._timeout\n        while True:\n            try:\n                value = method(self._driver)\n                if value:\n                    return value\n            except self._ignored_exceptions as exc:\n                screen = getattr(exc, \"screen\", None)\n                stacktrace = getattr(exc, \"stacktrace\", None)\n            time.sleep(self._poll)\n            if time.monotonic() > end_time:\n                break\n>       raise TimeoutException(message, screen, stacktrace)\nE       selenium.common.exceptions.TimeoutException: Message: \nE       Stacktrace:\nE       \tGetHandleVerifier [0x009B8923+23283]\nE       \t(No symbol) [0x0097E934]\nE       \t(No symbol) [0x008B0733]\nE       \t(No symbol) [0x008F326F]\nE       \t(No symbol) [0x008F34AB]\nE       \t(No symbol) [0x0092EE42]\nE       \t(No symbol) [0x00914464]\nE       \t(No symbol) [0x0092CB8D]\nE       \t(No symbol) [0x009141B6]\nE       \t(No symbol) [0x008E8017]\nE       \t(No symbol) [0x008E890D]\nE       \tGetHandleVerifier [0x00AAA5F3+1013699]\nE       \tGetHandleVerifier [0x00AB3E4C+1052700]\nE       \tGetHandleVerifier [0x00AAD4B4+1025668]\nE       \tGetHandleVerifier [0x009DEA2B+179195]\nE       \t(No symbol) [0x00986833]\nE       \t(No symbol) [0x00983198]\nE       \t(No symbol) [0x00983337]\nE       \t(No symbol) [0x0097B4BE]\nE       \tBaseThreadInitThunk [0x762D7BA9+25]\nE       \tRtlInitializeExceptionChain [0x772BC10B+107]\nE       \tRtlClearBits [0x772BC08F+191]\n\nC:\\Users\\allah\\AppData\\Local\\Programs\\Python\\Python311\\Lib\\site-packages\\selenium\\webdriver\\support\\wait.py:105: TimeoutException"}, "steps": [{"name": "Filling out the registration form", "status": "passed", "start": 1723650388443, "stop": 1723650388905}, {"name": "Submitting the registration form", "status": "passed", "start": 1723650388905, "stop": 1723650389582}, {"name": "Verifying successful registration", "status": "broken", "statusDetails": {"message": "selenium.common.exceptions.TimeoutException: Message: \nStacktrace:\n\tGetHandleVerifier [0x009B8923+23283]\n\t(No symbol) [0x0097E934]\n\t(No symbol) [0x008B0733]\n\t(No symbol) [0x008F326F]\n\t(No symbol) [0x008F34AB]\n\t(No symbol) [0x0092EE42]\n\t(No symbol) [0x00914464]\n\t(No symbol) [0x0092CB8D]\n\t(No symbol) [0x009141B6]\n\t(No symbol) [0x008E8017]\n\t(No symbol) [0x008E890D]\n\tGetHandleVerifier [0x00AAA5F3+1013699]\n\tGetHandleVerifier [0x00AB3E4C+1052700]\n\tGetHandleVerifier [0x00AAD4B4+1025668]\n\tGetHandleVerifier [0x009DEA2B+179195]\n\t(No symbol) [0x00986833]\n\t(No symbol) [0x00983198]\n\t(No symbol) [0x00983337]\n\t(No symbol) [0x0097B4BE]\n\tBaseThreadInitThunk [0x762D7BA9+25]\n\tRtlInitializeExceptionChain [0x772BC10B+107]\n\tRtlClearBits [0x772BC08F+191]\n\n", "trace": "  File \"D:\\home-task\\tests\\test_registration.py\", line 40, in test_registration\n    success_message = WebDriverWait(driver, 10).until(\n                      ^^^^^^^^^^^^^^^^^^^^^^^^^^^^^^^^\n  File \"C:\\Users\\allah\\AppData\\Local\\Programs\\Python\\Python311\\Lib\\site-packages\\selenium\\webdriver\\support\\wait.py\", line 105, in until\n    raise TimeoutException(message, screen, stacktrace)\n"}, "start": 1723650389582, "stop": 1723650400087}], "attachments": [{"name": "screenshot", "source": "c4bde152-4e84-4d44-891e-3d6a17d62a88-attachment.png", "type": "image/png"}, {"name": "log", "source": "04ce011e-c6d9-44ef-bd81-a8e21535ca6c-attachment.txt", "type": "text/plain"}], "parameters": [{"name": "browser_name", "value": "'chrome'"}], "start": 1723650385143, "stop": 1723650402366, "uuid": "06cceba7-41c8-4c1c-b6b3-9e8f3373659a", "historyId": "c96390f24790f54aaf51169300bd6ca8", "testCaseId": "c205956376af689025d4869fba865b9d", "fullName": "tests.test_registration#test_registration", "labels": [{"name": "feature", "value": "Registration"}, {"name": "story", "value": "User can register with valid details"}, {"name": "parentSuite", "value": "tests"}, {"name": "suite", "value": "test_registration"}, {"name": "host", "value": "DESKTOP-5O9S9MI"}, {"name": "thread", "value": "5512-MainThread"}, {"name": "framework", "value": "pytest"}, {"name": "language", "value": "cpython3"}, {"name": "package", "value": "tests.test_registration"}]}